[2022-11-26 17:18:59.761] [pxr_streamer] [info] ***********  Log Begin **********
[2022-11-26 17:18:59.761] [pxr_streamer] [info] process id= 26152
[2022-11-26 17:18:59.761] [pxr_streamer] [error] rpc_terminal.cpp:37 operator (): connect failed, error= ???????????,?????, this = 0xbc69ba00
[2022-11-26 17:18:59.763] [pxr_streamer] [error] rpc_terminal.h:50 Call: invalid rpc_client_, msg = Hello, this = 0xbc69ba00
[2022-11-26 17:18:59.763] [pxr_streamer] [error] rpc_terminal.h:50 Call: invalid rpc_client_, msg = QueryRemoteTerminals, this = 0xbc69ba00
[2022-11-26 17:19:02.797] [pxr_streamer] [error] rpc_terminal.cpp:37 operator (): connect failed, error= ???????????,?????, this = 0xbc69ba00
[2022-11-26 17:19:05.816] [pxr_streamer] [error] rpc_terminal.cpp:37 operator (): connect failed, error= ???????????,?????, this = 0xbc69ba00
[2022-11-26 17:19:08.837] [pxr_streamer] [error] rpc_terminal.cpp:37 operator (): connect failed, error= ???????????,?????, this = 0xbc69ba00
[2022-11-26 17:19:11.860] [pxr_streamer] [error] rpc_terminal.cpp:37 operator (): connect failed, error= ???????????,?????, this = 0xbc69ba00
[2022-11-26 17:19:14.880] [pxr_streamer] [error] rpc_terminal.cpp:37 operator (): connect failed, error= ???????????,?????, this = 0xbc69ba00
[2022-11-26 17:19:17.905] [pxr_streamer] [error] rpc_terminal.cpp:37 operator (): connect failed, error= ???????????,?????, this = 0xbc69ba00
[2022-11-26 17:19:20.928] [pxr_streamer] [error] rpc_terminal.cpp:37 operator (): connect failed, error= ???????????,?????, this = 0xbc69ba00
[2022-11-26 17:19:23.948] [pxr_streamer] [error] rpc_terminal.cpp:37 operator (): connect failed, error= ???????????,?????, this = 0xbc69ba00
[2022-11-26 17:19:26.973] [pxr_streamer] [error] rpc_terminal.cpp:37 operator (): connect failed, error= ???????????,?????, this = 0xbc69ba00
[2022-11-26 17:19:29.996] [pxr_streamer] [error] rpc_terminal.cpp:37 operator (): connect failed, error= ???????????,?????, this = 0xbc69ba00
[2022-11-26 17:19:33.031] [pxr_streamer] [error] rpc_terminal.cpp:37 operator (): connect failed, error= ???????????,?????, this = 0xbc69ba00
[2022-11-26 17:19:36.053] [pxr_streamer] [error] rpc_terminal.cpp:37 operator (): connect failed, error= ???????????,?????, this = 0xbc69ba00
[2022-11-26 17:19:39.089] [pxr_streamer] [error] rpc_terminal.cpp:37 operator (): connect failed, error= ???????????,?????, this = 0xbc69ba00
[2022-11-26 17:19:42.111] [pxr_streamer] [error] rpc_terminal.cpp:37 operator (): connect failed, error= ???????????,?????, this = 0xbc69ba00
[2022-11-26 17:19:45.125] [pxr_streamer] [error] rpc_terminal.cpp:37 operator (): connect failed, error= ???????????,?????, this = 0xbc69ba00
[2022-11-26 17:19:48.162] [pxr_streamer] [error] rpc_terminal.cpp:37 operator (): connect failed, error= ???????????,?????, this = 0xbc69ba00
[2022-11-26 17:19:51.179] [pxr_streamer] [error] rpc_terminal.cpp:37 operator (): connect failed, error= ???????????,?????, this = 0xbc69ba00
[2022-11-26 17:19:54.198] [pxr_streamer] [error] rpc_terminal.cpp:37 operator (): connect failed, error= ???????????,?????, this = 0xbc69ba00
[2022-11-26 17:19:57.225] [pxr_streamer] [error] rpc_terminal.cpp:37 operator (): connect failed, error= ???????????,?????, this = 0xbc69ba00
[2022-11-26 17:20:00.256] [pxr_streamer] [error] rpc_terminal.cpp:37 operator (): connect failed, error= ???????????,?????, this = 0xbc69ba00
[2022-11-26 17:20:03.276] [pxr_streamer] [error] rpc_terminal.cpp:37 operator (): connect failed, error= ???????????,?????, this = 0xbc69ba00
[2022-11-26 17:20:06.296] [pxr_streamer] [error] rpc_terminal.cpp:37 operator (): connect failed, error= ???????????,?????, this = 0xbc69ba00
[2022-11-26 17:20:09.318] [pxr_streamer] [error] rpc_terminal.cpp:37 operator (): connect failed, error= ???????????,?????, this = 0xbc69ba00
[2022-11-26 17:20:12.349] [pxr_streamer] [error] rpc_terminal.cpp:37 operator (): connect failed, error= ???????????,?????, this = 0xbc69ba00
[2022-11-26 17:20:15.384] [pxr_streamer] [error] rpc_terminal.cpp:37 operator (): connect failed, error= ???????????,?????, this = 0xbc69ba00
[2022-11-26 17:20:18.424] [pxr_streamer] [error] rpc_terminal.cpp:37 operator (): connect failed, error= ???????????,?????, this = 0xbc69ba00
[2022-11-26 17:20:21.458] [pxr_streamer] [error] rpc_terminal.cpp:37 operator (): connect failed, error= ???????????,?????, this = 0xbc69ba00
[2022-11-26 17:20:24.490] [pxr_streamer] [error] rpc_terminal.cpp:37 operator (): connect failed, error= ???????????,?????, this = 0xbc69ba00
[2022-11-26 17:20:27.530] [pxr_streamer] [error] rpc_terminal.cpp:37 operator (): connect failed, error= ???????????,?????, this = 0xbc69ba00
[2022-11-26 17:20:30.563] [pxr_streamer] [error] rpc_terminal.cpp:37 operator (): connect failed, error= ???????????,?????, this = 0xbc69ba00
[2022-11-26 17:20:33.596] [pxr_streamer] [error] rpc_terminal.cpp:37 operator (): connect failed, error= ???????????,?????, this = 0xbc69ba00
[2022-11-26 17:20:36.643] [pxr_streamer] [error] rpc_terminal.cpp:37 operator (): connect failed, error= ???????????,?????, this = 0xbc69ba00
[2022-11-26 17:20:39.679] [pxr_streamer] [error] rpc_terminal.cpp:37 operator (): connect failed, error= ???????????,?????, this = 0xbc69ba00
[2022-11-26 17:20:42.696] [pxr_streamer] [error] rpc_terminal.cpp:37 operator (): connect failed, error= ???????????,?????, this = 0xbc69ba00
[2022-11-26 17:20:45.730] [pxr_streamer] [error] rpc_terminal.cpp:37 operator (): connect failed, error= ???????????,?????, this = 0xbc69ba00
[2022-11-26 17:20:48.768] [pxr_streamer] [error] rpc_terminal.cpp:37 operator (): connect failed, error= ???????????,?????, this = 0xbc69ba00
[2022-11-26 17:20:51.807] [pxr_streamer] [error] rpc_terminal.cpp:37 operator (): connect failed, error= ???????????,?????, this = 0xbc69ba00
[2022-11-26 17:20:54.831] [pxr_streamer] [error] rpc_terminal.cpp:37 operator (): connect failed, error= ???????????,?????, this = 0xbc69ba00
[2022-11-26 17:20:57.861] [pxr_streamer] [error] rpc_terminal.cpp:37 operator (): connect failed, error= ???????????,?????, this = 0xbc69ba00
[2022-11-26 17:21:00.900] [pxr_streamer] [error] rpc_terminal.cpp:37 operator (): connect failed, error= ???????????,?????, this = 0xbc69ba00
[2022-11-26 17:21:03.922] [pxr_streamer] [error] rpc_terminal.cpp:37 operator (): connect failed, error= ???????????,?????, this = 0xbc69ba00
[2022-11-26 17:21:06.946] [pxr_streamer] [error] rpc_terminal.cpp:37 operator (): connect failed, error= ???????????,?????, this = 0xbc69ba00
[2022-11-26 17:21:09.974] [pxr_streamer] [error] rpc_terminal.cpp:37 operator (): connect failed, error= ???????????,?????, this = 0xbc69ba00
[2022-11-26 17:21:13.008] [pxr_streamer] [error] rpc_terminal.cpp:37 operator (): connect failed, error= ???????????,?????, this = 0xbc69ba00
[2022-11-26 17:21:16.035] [pxr_streamer] [error] rpc_terminal.cpp:37 operator (): connect failed, error= ???????????,?????, this = 0xbc69ba00
[2022-11-26 17:21:19.073] [pxr_streamer] [error] rpc_terminal.cpp:37 operator (): connect failed, error= ???????????,?????, this = 0xbc69ba00
[2022-11-26 17:21:22.106] [pxr_streamer] [error] rpc_terminal.cpp:37 operator (): connect failed, error= ???????????,?????, this = 0xbc69ba00
[2022-11-26 17:21:25.130] [pxr_streamer] [error] rpc_terminal.cpp:37 operator (): connect failed, error= ???????????,?????, this = 0xbc69ba00
[2022-11-26 17:21:28.155] [pxr_streamer] [error] rpc_terminal.cpp:37 operator (): connect failed, error= ???????????,?????, this = 0xbc69ba00
[2022-11-26 17:21:31.183] [pxr_streamer] [error] rpc_terminal.cpp:37 operator (): connect failed, error= ???????????,?????, this = 0xbc69ba00
[2022-11-26 17:21:34.208] [pxr_streamer] [error] rpc_terminal.cpp:37 operator (): connect failed, error= ???????????,?????, this = 0xbc69ba00
[2022-11-26 17:21:37.234] [pxr_streamer] [error] rpc_terminal.cpp:37 operator (): connect failed, error= ???????????,?????, this = 0xbc69ba00
[2022-11-26 17:21:40.275] [pxr_streamer] [error] rpc_terminal.cpp:37 operator (): connect failed, error= ???????????,?????, this = 0xbc69ba00
[2022-11-26 17:21:43.296] [pxr_streamer] [error] rpc_terminal.cpp:37 operator (): connect failed, error= ???????????,?????, this = 0xbc69ba00
[2022-11-26 17:21:46.325] [pxr_streamer] [error] rpc_terminal.cpp:37 operator (): connect failed, error= ???????????,?????, this = 0xbc69ba00
[2022-11-26 17:21:49.350] [pxr_streamer] [error] rpc_terminal.cpp:37 operator (): connect failed, error= ???????????,?????, this = 0xbc69ba00
[2022-11-26 17:21:52.382] [pxr_streamer] [error] rpc_terminal.cpp:37 operator (): connect failed, error= ???????????,?????, this = 0xbc69ba00
[2022-11-26 17:21:55.424] [pxr_streamer] [error] rpc_terminal.cpp:37 operator (): connect failed, error= ???????????,?????, this = 0xbc69ba00
[2022-11-26 17:21:58.446] [pxr_streamer] [error] rpc_terminal.cpp:37 operator (): connect failed, error= ???????????,?????, this = 0xbc69ba00
[2022-11-26 17:22:01.465] [pxr_streamer] [error] rpc_terminal.cpp:37 operator (): connect failed, error= ???????????,?????, this = 0xbc69ba00
[2022-11-26 17:22:04.494] [pxr_streamer] [error] rpc_terminal.cpp:37 operator (): connect failed, error= ???????????,?????, this = 0xbc69ba00
[2022-11-26 17:22:07.535] [pxr_streamer] [error] rpc_terminal.cpp:37 operator (): connect failed, error= ???????????,?????, this = 0xbc69ba00
[2022-11-26 17:22:10.572] [pxr_streamer] [error] rpc_terminal.cpp:37 operator (): connect failed, error= ???????????,?????, this = 0xbc69ba00
[2022-11-26 17:22:13.607] [pxr_streamer] [error] rpc_terminal.cpp:37 operator (): connect failed, error= ???????????,?????, this = 0xbc69ba00
[2022-11-26 17:22:16.642] [pxr_streamer] [error] rpc_terminal.cpp:37 operator (): connect failed, error= ???????????,?????, this = 0xbc69ba00
[2022-11-26 17:22:19.678] [pxr_streamer] [error] rpc_terminal.cpp:37 operator (): connect failed, error= ???????????,?????, this = 0xbc69ba00
[2022-11-26 17:22:22.710] [pxr_streamer] [error] rpc_terminal.cpp:37 operator (): connect failed, error= ???????????,?????, this = 0xbc69ba00
[2022-11-26 17:22:25.748] [pxr_streamer] [error] rpc_terminal.cpp:37 operator (): connect failed, error= ???????????,?????, this = 0xbc69ba00
[2022-11-26 17:22:28.769] [pxr_streamer] [error] rpc_terminal.cpp:37 operator (): connect failed, error= ???????????,?????, this = 0xbc69ba00
[2022-11-26 17:22:31.802] [pxr_streamer] [error] rpc_terminal.cpp:37 operator (): connect failed, error= ???????????,?????, this = 0xbc69ba00
[2022-11-26 17:22:34.820] [pxr_streamer] [error] rpc_terminal.cpp:37 operator (): connect failed, error= ???????????,?????, this = 0xbc69ba00
[2022-11-26 17:22:37.862] [pxr_streamer] [error] rpc_terminal.cpp:37 operator (): connect failed, error= ???????????,?????, this = 0xbc69ba00
[2022-11-26 17:22:40.897] [pxr_streamer] [error] rpc_terminal.cpp:37 operator (): connect failed, error= ???????????,?????, this = 0xbc69ba00
[2022-11-26 17:22:43.934] [pxr_streamer] [error] rpc_terminal.cpp:37 operator (): connect failed, error= ???????????,?????, this = 0xbc69ba00
[2022-11-26 17:22:46.968] [pxr_streamer] [error] rpc_terminal.cpp:37 operator (): connect failed, error= ???????????,?????, this = 0xbc69ba00
[2022-11-26 17:22:50.004] [pxr_streamer] [error] rpc_terminal.cpp:37 operator (): connect failed, error= ???????????,?????, this = 0xbc69ba00
[2022-11-26 17:22:53.034] [pxr_streamer] [error] rpc_terminal.cpp:37 operator (): connect failed, error= ???????????,?????, this = 0xbc69ba00
[2022-11-26 17:22:56.062] [pxr_streamer] [error] rpc_terminal.cpp:37 operator (): connect failed, error= ???????????,?????, this = 0xbc69ba00
[2022-11-26 17:22:59.092] [pxr_streamer] [error] rpc_terminal.cpp:37 operator (): connect failed, error= ???????????,?????, this = 0xbc69ba00
[2022-11-26 17:23:02.121] [pxr_streamer] [error] rpc_terminal.cpp:37 operator (): connect failed, error= ???????????,?????, this = 0xbc69ba00
[2022-11-26 17:23:05.160] [pxr_streamer] [error] rpc_terminal.cpp:37 operator (): connect failed, error= ???????????,?????, this = 0xbc69ba00
[2022-11-26 17:23:08.192] [pxr_streamer] [error] rpc_terminal.cpp:37 operator (): connect failed, error= ???????????,?????, this = 0xbc69ba00
[2022-11-26 17:23:11.222] [pxr_streamer] [error] rpc_terminal.cpp:37 operator (): connect failed, error= ???????????,?????, this = 0xbc69ba00
[2022-11-26 17:23:14.257] [pxr_streamer] [error] rpc_terminal.cpp:37 operator (): connect failed, error= ???????????,?????, this = 0xbc69ba00
[2022-11-26 17:23:17.276] [pxr_streamer] [error] rpc_terminal.cpp:37 operator (): connect failed, error= ???????????,?????, this = 0xbc69ba00
[2022-11-26 17:23:20.296] [pxr_streamer] [error] rpc_terminal.cpp:37 operator (): connect failed, error= ???????????,?????, this = 0xbc69ba00
[2022-11-26 17:23:23.329] [pxr_streamer] [error] rpc_terminal.cpp:37 operator (): connect failed, error= ???????????,?????, this = 0xbc69ba00
[2022-11-26 17:23:26.359] [pxr_streamer] [error] rpc_terminal.cpp:37 operator (): connect failed, error= ???????????,?????, this = 0xbc69ba00
[2022-11-26 17:23:29.395] [pxr_streamer] [error] rpc_terminal.cpp:37 operator (): connect failed, error= ???????????,?????, this = 0xbc69ba00
[2022-11-26 17:23:32.430] [pxr_streamer] [error] rpc_terminal.cpp:37 operator (): connect failed, error= ???????????,?????, this = 0xbc69ba00
[2022-11-26 17:23:35.465] [pxr_streamer] [error] rpc_terminal.cpp:37 operator (): connect failed, error= ???????????,?????, this = 0xbc69ba00
[2022-11-26 17:23:38.504] [pxr_streamer] [error] rpc_terminal.cpp:37 operator (): connect failed, error= ???????????,?????, this = 0xbc69ba00
[2022-11-26 17:23:41.534] [pxr_streamer] [error] rpc_terminal.cpp:37 operator (): connect failed, error= ???????????,?????, this = 0xbc69ba00
[2022-11-26 17:23:44.579] [pxr_streamer] [error] rpc_terminal.cpp:37 operator (): connect failed, error= ???????????,?????, this = 0xbc69ba00
[2022-11-26 17:23:47.603] [pxr_streamer] [error] rpc_terminal.cpp:37 operator (): connect failed, error= ???????????,?????, this = 0xbc69ba00
